2021-11-17 01:20:00,548 INFO c.m.R.Tc_001_Runner [main] Successfully validated the url
2021-11-17 01:20:12,768 INFO c.m.R.Tc_001_Runner [main] Successfully entered correct details and clicked on sign in
2021-11-17 01:20:31,322 INFO c.m.R.Tc_002_Runner [main] Successfully validated the url
2021-11-17 01:20:42,423 INFO c.m.R.Tc_002_Runner [main] Successfully entered wrong details and clicked on sign in
2021-11-17 01:21:05,267 INFO c.m.R.Tc_003_Runner [main] Successfully validated the url
2021-11-17 01:21:24,116 INFO c.m.R.Tc_003_Runner [main] Successfully added product to the wishlist
2021-11-17 01:22:00,133 INFO c.m.R.Tc_004_Runner [main] Successfully validated the url
2021-11-17 01:22:07,299 INFO c.m.R.Tc_004_Runner [main] Successfully added a christmas gift product to the cart
2021-11-17 01:22:32,184 INFO c.m.R.Tc_005_Runner [main] Successfully validated the url
2021-11-17 01:22:36,056 INFO c.m.R.Tc_005_Runner [main] Successfully validated the title of the page
2021-11-17 02:07:08,109 INFO c.m.S.Tc_006_StepDefinition [main] Successfully validated the url
2021-11-17 02:07:45,462 INFO c.m.S.Tc_006_StepDefinition [main] Successfully added and removed product from the cart
2021-11-17 02:07:55,076 INFO c.m.S.Tc_007_StepDefinition [main] Successfully validated the url
2021-11-17 02:08:19,717 INFO c.m.S.Tc_007_StepDefinition [main] Successfully sorted the product and selected a product
2021-11-17 02:08:34,774 INFO c.m.S.Tc_008_StepDefinition [main] Successfully validated the url
2021-11-17 02:08:39,123 INFO c.m.S.Tc_008_StepDefinition [main] Successfully verified gift card page
2021-11-17 02:09:00,398 INFO c.m.S.Tc_009_StepDefinition [main] Successfully validated the url
2021-11-17 02:09:12,395 INFO c.m.S.Tc_009_StepDefinition [main] Successfully validated contact us page with valid data
2021-11-17 02:09:38,519 INFO c.m.S.Tc_010_StepDefinition [main] Successfully validated the url
2021-11-17 02:09:49,519 INFO c.m.S.Tc_010_StepDefinition [main] Successfully validated contact us page with invalid data
2021-11-17 02:22:34,842 INFO c.m.R.Tc_001_Runner [main] Successfully validated the url
2021-11-17 02:22:59,984 INFO c.m.R.Tc_001_Runner [main] Successfully entered correct details and clicked on sign in
2021-11-17 02:23:50,620 INFO c.m.R.Tc_002_Runner [main] Successfully validated the url
2021-11-17 02:24:15,010 INFO c.m.R.Tc_002_Runner [main] Successfully entered wrong details and clicked on sign in
2021-11-17 02:24:37,090 INFO c.m.R.Tc_003_Runner [main] Successfully validated the url
2021-11-17 02:24:58,189 INFO c.m.R.Tc_003_Runner [main] Successfully added product to the wishlist
2021-11-17 02:25:14,591 INFO c.m.R.Tc_004_Runner [main] Successfully validated the url
2021-11-17 02:25:23,247 INFO c.m.R.Tc_004_Runner [main] Successfully added a christmas gift product to the cart
2021-11-17 02:25:48,985 INFO c.m.R.Tc_005_Runner [main] Successfully validated the url
2021-11-17 02:25:51,155 INFO c.m.R.Tc_005_Runner [main] Successfully validated the title of the page
